0 info it worked if it ends with ok
1 verbose cli [ '/usr/local/bin/node',
1 verbose cli   '/usr/local/bin/npm',
1 verbose cli   'run',
1 verbose cli   'babel-node',
1 verbose cli   'index.js',
1 verbose cli   '111' ]
2 info using npm@3.10.10
3 info using node@v7.2.1
4 verbose run-script [ 'prebabel-node', 'babel-node', 'postbabel-node' ]
5 info lifecycle @~prebabel-node: @
6 silly lifecycle @~prebabel-node: no script for prebabel-node, continuing
7 info lifecycle @~babel-node: @
8 verbose lifecycle @~babel-node: unsafe-perm in lifecycle true
9 verbose lifecycle @~babel-node: PATH: /usr/local/lib/node_modules/npm/bin/node-gyp-bin:/Users/vai/fun/block-redis/node_redis_example/node_modules/.bin:/Users/vai/fun/block-redis/node_redis_example/node_modules/.bin:/Users/vai/.config/yarn/link/node_modules/.bin:/Users/vai/fun/block-redis/node_redis_example/node_modules/.bin:/Users/vai/.config/yarn/link/node_modules/.bin:/usr/local/lib/node_modules/yarn/bin/node-gyp-bin:/Users/vai/.yarn/bin:/Users/vai/Library/Android/sdk/platform-tools:/Users/vai/Library/Android/sdk/tools:/Users/vai/bin:/usr/local/bin:/Library/Frameworks/Python.framework/Versions/3.5/bin:/usr/local/bin:/usr/bin:/bin:/usr/sbin:/sbin:/opt/X11/bin:/usr/local/git/bin:/Users/vai/.rvm/bin
10 verbose lifecycle @~babel-node: CWD: /Users/vai/fun/block-redis/node_redis_example
11 silly lifecycle @~babel-node: Args: [ '-c', 'babel-node "index.js" "111"' ]
12 silly lifecycle @~babel-node: Returned: code: 1  signal: null
13 info lifecycle @~babel-node: Failed to exec babel-node script
14 verbose stack Error: @ babel-node: `babel-node "index.js" "111"`
14 verbose stack Exit status 1
14 verbose stack     at EventEmitter.<anonymous> (/usr/local/lib/node_modules/npm/lib/utils/lifecycle.js:255:16)
14 verbose stack     at emitTwo (events.js:106:13)
14 verbose stack     at EventEmitter.emit (events.js:191:7)
14 verbose stack     at ChildProcess.<anonymous> (/usr/local/lib/node_modules/npm/lib/utils/spawn.js:40:14)
14 verbose stack     at emitTwo (events.js:106:13)
14 verbose stack     at ChildProcess.emit (events.js:191:7)
14 verbose stack     at maybeClose (internal/child_process.js:885:16)
14 verbose stack     at Process.ChildProcess._handle.onexit (internal/child_process.js:226:5)
15 verbose pkgid @
16 verbose cwd /Users/vai/fun/block-redis/node_redis_example
17 error Darwin 15.6.0
18 error argv "/usr/local/bin/node" "/usr/local/bin/npm" "run" "babel-node" "index.js" "111"
19 error node v7.2.1
20 error npm  v3.10.10
21 error code ELIFECYCLE
22 error @ babel-node: `babel-node "index.js" "111"`
22 error Exit status 1
23 error Failed at the @ babel-node script 'babel-node "index.js" "111"'.
23 error Make sure you have the latest version of node.js and npm installed.
23 error If you do, this is most likely a problem with the  package,
23 error not with npm itself.
23 error Tell the author that this fails on your system:
23 error     babel-node "index.js" "111"
23 error You can get information on how to open an issue for this project with:
23 error     npm bugs
23 error Or if that isn't available, you can get their info via:
23 error     npm owner ls
23 error There is likely additional logging output above.
24 verbose exit [ 1, true ]
